🩺 The doctor is checking the health of your Storybook..
╭ Incompatible packages found ─────────────────────────────────────────────────╮
│                                                                              │
│   The following packages are incompatible with Storybook 7.6.6 as they       │
│   depend on different major versions of Storybook packages:                  │
│   - @storybook/addon-a11y@8.1.1                                              │
│   Repo:                                                                      │
│   https://github.com/storybookjs/storybook/tree/next/code/addons/a11y        │
│   - storybook@8.1.1                                                          │
│   Repo: https://github.com/storybookjs/storybook/tree/next/code/lib/cli      │
│                                                                              │
│                                                                              │
│   Please consider updating your packages or contacting the maintainers for   │
│   compatibility details.                                                     │
│   For more on Storybook 8 compatibility, see the linked GitHub issue:        │
│   https://github.com/storybookjs/storybook/issues/26031                      │
│                                                                              │
╰──────────────────────────────────────────────────────────────────────────────╯

You can always recheck the health of your project by running:
npx storybook doctor

Full logs are available in /home/kaungminkhant/Documents/taskbox/doctor-storybook.log

